This is LuaTeX, Version 1.10.0 (TeX Live 2019/Debian)  (format=lualatex 2024.4.27)  24 JUN 2025 15:23
 restricted system commands enabled.
**Prova-I-matd44-Gabarito.tex
(./Prova-I-matd44-Gabarito.tex
LaTeX2e <2020-02-02> patch level 2
Lua module: luaotfload-main 2020-02-02 3.12 luaotfload entry point
Lua module: luaotfload-init 2020-02-02 3.12 luaotfload submodule / initializatio
n
Lua module: lualibs 2020-02-02 2.70 ConTeXt Lua standard libraries.
Lua module: lualibs-extended 2020-02-02 2.70 ConTeXt Lua libraries -- extended c
ollection.
Lua module: luaotfload-log 2020-02-02 3.12 luaotfload submodule / logging
Lua module: luaotfload-parsers 2020-02-02 3.12 luaotfload submodule / filelist
Lua module: luaotfload-configuration 2020-02-02 3.12 luaotfload submodule / conf
ig file reader
luaotfload | conf : Root cache directory is /home/raydonal/.texlive2019/texmf-va
r/luatex-cache/generic-dev/names.
luaotfload | init : Loading fontloader “fontloader-2020-01-26.lua” from kpse
-resolved path “/usr/share/texlive/texmf-dist/tex/luatex/luaotfload/fontloader
-2020-01-26.lua”.
Lua-only attribute luaotfload@state = 2
Lua-only attribute luaotfload@noligature = 3
Lua-only attribute luaotfload@syllabe = 4
luaotfload | init : Context OpenType loader version “3.11”
Inserting `luaotfload.node_processor' at position 1 in `pre_linebreak_filter'.
Inserting `luaotfload.node_processor' at position 1 in `hpack_filter'.
Lua module: luaotfload-loaders 2020-02-02 3.12 luaotfload submodule / callback h
andling
Inserting `luaotfload.define_font' at position 1 in `define_font'.
Lua module: luaotfload-database 2020-02-02 3.12 luaotfload submodule / database
Lua module: luaotfload-unicode 2020-02-02 3.12 luaotfload submodule / Unicode he
lpers
Lua module: luaotfload-colors 2020-02-02 3.12 luaotfload submodule / color
Lua-only attribute luaotfload_color_attribute = 5
Lua module: luaotfload-resolvers 2020-02-02 3.12 luaotfload submodule / resolver
s
luaotfload | conf : Root cache directory is /home/raydonal/.texlive2019/texmf-va
r/luatex-cache/generic-dev/names.
Lua module: luaotfload-features 2020-02-02 3.12 luaotfload submodule / features
Lua module: luaotfload-letterspace 2020-02-02 3.12 luaotfload submodule / color
Lua module: luaotfload-embolden 2020-02-02 3.12 luaotfload submodule / color
Lua module: luaotfload-notdef 2020-02-02 3.12 luaotfload submodule / color
Lua module: luaotfload-auxiliary 2020-02-02 3.12 luaotfload submodule / auxiliar
y functions
Inserting `luaotfload.aux.set_sscale_dimens' at position 1 in `luaotfload.patch_
font'.
Inserting `luaotfload.aux.set_font_index' at position 2 in `luaotfload.patch_fon
t'.
Inserting `luaotfload.aux.patch_cambria_domh' at position 3 in `luaotfload.patch
_font'.
Inserting `luaotfload.aux.fixup_fontdata' at position 1 in `luaotfload.patch_fon
t_unsafe'.
Inserting `luaotfload.aux.set_capheight' at position 4 in `luaotfload.patch_font
'.
Inserting `luaotfload.aux.set_xheight' at position 5 in `luaotfload.patch_font'.
Lua module: luaotfload-fallback 2020-02-02 3.12 luaotfload submodule / fallback
Lua module: luaotfload-multiscript 2020-02-02 3.12 luaotfload submodule / multis
cript
Lua module: luaotfload-script 2020-02-02 3.12 luaotfload submodule / Script help
ers
Lua module: luaotfload-tounicode 2020-02-02 3.12 luaotfload submodule / tounicod
e
Inserting `luaotfload.rewrite_fontname' at position 6 in `luaotfload.patch_font'
. L3 programming layer <2020-02-14> (./Config/milktest.cls
Document Class: Config/milktest 2005/09/16 v1.4f Standard LaTeX document class
(/usr/share/texlive/texmf-dist/tex/latex/base/bk12.clo
File: bk12.clo 2019/12/20 v1.4l Standard LaTeX file (size option)
luaotfload | db : Font names database not found, generating new one.
luaotfload | db : This can take several minutes; please be patient.)
\c@part=\count163
\c@chapter=\count164
\c@section=\count165
\c@subsection=\count166
\c@subsubsection=\count167
\c@paragraph=\count168
\c@subparagraph=\count169
\c@figure=\count170
\c@table=\count171
\abovecaptionskip=\skip47
\belowcaptionskip=\skip48
\bibindent=\dimen134
) (./Config/pacotes.tex
(/usr/share/texlive/texmf-dist/tex/latex/fontspec/fontspec.sty
(/usr/share/texlive/texmf-dist/tex/latex/l3packages/xparse/xparse.sty
(/usr/share/texlive/texmf-dist/tex/latex/l3kernel/expl3.sty
Package: expl3 2020-02-14 L3 programming layer (loader) 

(/usr/share/texlive/texmf-dist/tex/latex/l3backend/l3backend-pdfmode.def
File: l3backend-pdfmode.def 2020-02-03 L3 backend support: PDF mode
\l__kernel_color_stack_int=\count172
\l__pdf_internal_box=\box45
))
Package: xparse 2020-02-14 L3 Experimental document command parser
\l__xparse_current_arg_int=\count173
\g__xparse_grabber_int=\count174
\l__xparse_m_args_int=\count175
\l__xparse_v_nesting_int=\count176
)
Package: fontspec 2020/02/03 v2.7h Font selection for XeLaTeX and LuaLaTeX
Lua module: fontspec 2020/02/03 2.7h Font selection for XeLaTeX and LuaLaTeX
(/usr/share/texlive/texmf-dist/tex/latex/fontspec/fontspec-luatex.sty
Package: fontspec-luatex 2020/02/03 v2.7h Font selection for XeLaTeX and LuaLaTe
X
\l__fontspec_script_int=\count177
\l__fontspec_language_int=\count178
\l__fontspec_strnum_int=\count179
\l__fontspec_tmp_int=\count180
\l__fontspec_tmpa_int=\count181
\l__fontspec_tmpb_int=\count182
\l__fontspec_tmpc_int=\count183
\l__fontspec_em_int=\count184
\l__fontspec_emdef_int=\count185
\l__fontspec_strong_int=\count186
\l__fontspec_strongdef_int=\count187
\l__fontspec_tmpa_dim=\dimen135
\l__fontspec_tmpb_dim=\dimen136
\l__fontspec_tmpc_dim=\dimen137

(/usr/share/texlive/texmf-dist/tex/latex/base/fontenc.sty
Package: fontenc 2020/02/11 v2.0o Standard LaTeX package
)
(/usr/share/texlive/texmf-dist/tex/latex/fontspec/fontspec.cfg)))
(/usr/share/texlive/texmf-dist/tex/xelatex/xunicode/xunicode.sty
File: xunicode.sty 2011/09/09 v0.981 provides access to latin accents and many o
ther characters in Unicode lower plane


! LaTeX Error: *** this package currently works only with XeTeX ***
 You are not using XeTeX, so we are exiting cleanly!
 Continuing may lead to 'unavailable font metrics' errors!
.

See the LaTeX manual or LaTeX Companion for explanation.
Type  H <return>  for immediate help.
 ...                                              
                                                  
l.113 ...dcsname\relax\expandafter\notXeTeXformat\fi
                                                  
Try typing  <return>  to proceed.
If that doesn't work, type  X <return>  to quit.

) (/usr/share/texlive/texmf-dist/tex/xelatex/xltxtra/xltxtra.sty
Package: xltxtra 2018/12/31 v0.7 Improvements for the "XeLaTeX" format

(/usr/share/texlive/texmf-dist/tex/generic/iftex/ifluatex.sty
Package: ifluatex 2019/10/25 v1.5 ifluatex legacy package. Use iftex instead.

(/usr/share/texlive/texmf-dist/tex/generic/iftex/iftex.sty
Package: iftex 2019/11/07 v1.0c TeX engine tests
))

Package xltxtra Warning: 
 XLTXTRA IS TO BE USED ONLY UNDER XETEX. LOAD FONTSPEC DIRECTLY, INSTEAD.
 ABORTING LOADING.

) (/usr/share/texlive/texmf-dist/tex/latex/base/fontenc.sty
Package: fontenc 2020/02/11 v2.0o Standard LaTeX package

(/usr/share/texlive/texmf-dist/tex/latex/greek-fontenc/lgrenc.def
File: lgrenc.def 2019/07/09 v0.13.3 LGR Greek font encoding definitions

(/usr/share/texlive/texmf-dist/tex/latex/greek-fontenc/greek-fontenc.def
File: greek-fontenc.def 2015/08/04 v0.13.4 Common Greek font encoding definition
s
))
LaTeX Font Info:    Trying to load font information for T1+lmr on input line 112
.

(/usr/share/texmf/tex/latex/lm/t1lmr.fd
File: t1lmr.fd 2009/10/30 v1.6 Font defs for Latin Modern
))
(/usr/share/texlive/texmf-dist/tex/generic/babel/babel.sty
Package: babel 2020/02/14 3.40 The Babel package

(/usr/share/texlive/texmf-dist/tex/generic/babel/switch.def
File: switch.def 2020/02/14 3.40 Babel switching mechanism
)
(/usr/share/texlive/texmf-dist/tex/generic/babel/luababel.def
\bbl@readstream=\read2
\l@dumylang=\language2
Package babel Info: Non-standard hyphenation setup on input line 117.
\l@nohyphenation=\language3
\l@basque=\language4
\l@marathi=\language5
\l@ibycus=\language6
\l@portuguese=\language7
\l@romansh=\language8
\l@nynorsk=\language9
\l@polish=\language10
\l@ukenglish=\language11
\l@mongolian=\language12
\l@swedish=\language13
\l@croatian=\language14
\l@welsh=\language15
\l@coptic=\language16
\l@greek=\language17
\l@turkish=\language18
\l@serbianc=\language19
\l@piedmontese=\language20
\l@hindi=\language21
\l@esperanto=\language22
\l@ngerman-x-2019-04-04=\language23
\l@spanish=\language24
\l@serbian=\language25
\l@czech=\language26
\l@slovenian=\language27
\l@pinyin=\language28
\l@ethiopic=\language29
\l@ancientgreek=\language30
\l@estonian=\language31
\l@kurmanji=\language32
\l@liturgicallatin=\language33
\l@romanian=\language34
\l@turkmen=\language35
\l@mongolianlmc=\language36
\l@icelandic=\language37
\l@sanskrit=\language38
\l@german=\language39
\l@tamil=\language40
\l@galician=\language41
\l@monogreek=\language42
\l@oriya=\language43
\l@italian=\language44
\l@latin=\language45
\l@panjabi=\language46
\l@lithuanian=\language47
\l@usenglishmax=\language48
\l@armenian=\language49
\l@farsi=\language50
\l@afrikaans=\language51
\l@thai=\language52
\l@russian=\language53
\l@malayalam=\language54
\l@telugu=\language55
\l@hungarian=\language56
\l@indonesian=\language57
\l@bengali=\language58
\l@arabic=\language59
\l@german-x-2019-04-04=\language60
\l@interlingua=\language61
\l@swissgerman=\language62
\l@french=\language63
\l@slovak=\language64
\l@occitan=\language65
\l@catalan=\language66
\l@irish=\language67
\l@gujarati=\language68
\l@ukrainian=\language69
\l@latvian=\language70
\l@ngerman=\language71
\l@bokmal=\language72
\l@uppersorbian=\language73
\l@kannada=\language74
\l@georgian=\language75
\l@friulan=\language76
\l@churchslavonic=\language77
\l@dutch=\language78
\l@bulgarian=\language79
\l@pali=\language80
\l@assamese=\language81
\l@danish=\language82
\l@belarusian=\language83
\l@finnish=\language84
\l@classiclatin=\language85
)
(/usr/share/texlive/texmf-dist/tex/generic/babel-english/english.ldf
Language: english 2017/06/06 v3.3r English support from the babel system

(/usr/share/texlive/texmf-dist/tex/generic/babel/babel.def
File: babel.def 2020/02/14 3.40 Babel common definitions
\babel@savecnt=\count188
\U@D=\dimen138

(/usr/share/texlive/texmf-dist/tex/generic/babel/luababel.def
\bbl@attr@locale=\attribute6
))
Package babel Info: \l@canadian = using hyphenrules for english
(babel)             (\language0) on input line 102.
Package babel Info: \l@australian = using hyphenrules for ukenglish
(babel)             (\language11) on input line 105.
Package babel Info: \l@newzealand = using hyphenrules for ukenglish
(babel)             (\language11) on input line 108.
)
(/usr/share/texlive/texmf-dist/tex/generic/babel-portuges/portuges.ldf
Language: portuges 2008/03/18 v1.2q Portuguese support from the babel system
Package babel Info: \l@brazil = using hyphenrules for portuguese
(babel)             (\language7) on input line 113.
Package babel Info: Making " an active character on input line 145.

(/usr/share/texlive/texmf-dist/tex/generic/hyph-utf8/loadhyph/loadhyph-pt.tex
UTF-8 Portuguese hyphenation patterns
(/usr/share/texlive/texmf-dist/tex/generic/hyph-utf8/patterns/tex/hyph-pt.tex)))
) (/usr/share/texlive/texmf-dist/tex/latex/pstricks/pstricks.sty
Package: pstricks 2018/12/21 v0.69 LaTeX wrapper for `PSTricks' (RN,HV)

(/usr/share/texlive/texmf-dist/tex/latex/tools/shellesc.sty
Package: shellesc 2019/11/08 v1.0c unified shell escape interface for LaTeX
Package shellesc Info: Restricted shell escape enabled on input line 77.
)
(/usr/share/texlive/texmf-dist/tex/latex/xcolor/xcolor.sty
Package: xcolor 2016/05/11 v2.12 LaTeX color extensions (UK)

(/usr/share/texlive/texmf-dist/tex/latex/graphics-cfg/color.cfg
File: color.cfg 2016/01/02 v1.6 sample color configuration
)
Package xcolor Info: Driver file: luatex.def on input line 225.

(/usr/share/texlive/texmf-dist/tex/latex/graphics-def/luatex.def
File: luatex.def 2018/01/08 v1.0l Graphics/color driver for luatex
)
Package xcolor Info: Model `cmy' substituted by `cmy0' on input line 1348.
Package xcolor Info: Model `hsb' substituted by `rgb' on input line 1352.
Package xcolor Info: Model `RGB' extended on input line 1364.
Package xcolor Info: Model `HTML' substituted by `rgb' on input line 1366.
Package xcolor Info: Model `Hsb' substituted by `hsb' on input line 1367.
Package xcolor Info: Model `tHsb' substituted by `hsb' on input line 1368.
Package xcolor Info: Model `HSB' substituted by `hsb' on input line 1369.
Package xcolor Info: Model `Gray' substituted by `gray' on input line 1370.
Package xcolor Info: Model `wave' substituted by `hsb' on input line 1371.
)
(/usr/share/texlive/texmf-dist/tex/generic/xkeyval/pst-xkey.tex
File: pst-xkey.tex 2005/11/25 v1.6 PSTricks specialization of xkeyval (HA)

(/usr/share/texlive/texmf-dist/tex/latex/xkeyval/xkeyval.sty
Package: xkeyval 2014/12/03 v2.7a package option processing (HA)

(/usr/share/texlive/texmf-dist/tex/generic/xkeyval/xkeyval.tex
(/usr/share/texlive/texmf-dist/tex/generic/xkeyval/xkvutils.tex
\XKV@toks=\toks14
\XKV@tempa@toks=\toks15

(/usr/share/texlive/texmf-dist/tex/generic/xkeyval/keyval.tex))
\XKV@depth=\count189
File: xkeyval.tex 2014/12/03 v2.7a key=value parser (HA)
)))
(/usr/share/texlive/texmf-dist/tex/generic/pstricks/pstricks.tex
(/usr/share/texlive/texmf-dist/tex/generic/pstricks/pst-fp.tex
`pst-fp' v0.05, 2010/01/17 (hv)
\pstFP@xs=\count190
\pstFP@xia=\count191
\pstFP@xib=\count192
\pstFP@xfa=\count193
\pstFP@xfb=\count194
\pstFP@rega=\count195
\pstFP@regb=\count196
\pstFP@regs=\count197
\pstFP@times=\count198
)
(/usr/share/texlive/texmf-dist/tex/generic/pgf/utilities/pgfutil-common.tex
\pgfutil@everybye=\toks16
\pgfutil@tempdima=\dimen139
\pgfutil@tempdimb=\dimen140

(/usr/share/texlive/texmf-dist/tex/generic/pgf/utilities/pgfutil-common-lists.t
ex)) (/usr/share/texlive/texmf-dist/tex/generic/pgf/utilities/pgfkeys.code.tex
\pgfkeys@pathtoks=\toks17
\pgfkeys@temptoks=\toks18

(/usr/share/texlive/texmf-dist/tex/generic/pgf/utilities/pgfkeysfiltered.code.t
ex
\pgfkeys@tmptoks=\toks19
)) (/usr/share/texlive/texmf-dist/tex/generic/pgf/utilities/pgffor.code.tex
Loading pgffor.code.tex
(/usr/share/texlive/texmf-dist/tex/generic/pgf/math/pgfmath.code.tex
(/usr/share/texlive/texmf-dist/tex/generic/pgf/math/pgfmathcalc.code.tex
(/usr/share/texlive/texmf-dist/tex/generic/pgf/math/pgfmathutil.code.tex
\pgf@x=\dimen141
\pgf@xa=\dimen142
\pgf@xb=\dimen143
\pgf@xc=\dimen144
\pgf@y=\dimen145
\pgf@ya=\dimen146
\pgf@yb=\dimen147
\pgf@yc=\dimen148
\c@pgf@counta=\count199
\c@pgf@countb=\count266
\c@pgf@countc=\count267
\c@pgf@countd=\count268
\pgfutil@tempcnta=\count269
\pgfutil@tempcntb=\count270
)
(/usr/share/texlive/texmf-dist/tex/generic/pgf/math/pgfmathparser.code.tex
\pgfmath@dimen=\dimen149
\pgfmath@count=\count271
\pgfmath@box=\box46
\pgfmath@toks=\toks20
\pgfmath@stack@operand=\toks21
\pgfmath@stack@operation=\toks22
)
(/usr/share/texlive/texmf-dist/tex/generic/pgf/math/pgfmathfunctions.code.tex
(/usr/share/texlive/texmf-dist/tex/generic/pgf/math/pgfmathfunctions.basic.code
.tex)
(/usr/share/texlive/texmf-dist/tex/generic/pgf/math/pgfmathfunctions.trigonomet
ric.code.tex)
(/usr/share/texlive/texmf-dist/tex/generic/pgf/math/pgfmathfunctions.random.cod
e.tex)
(/usr/share/texlive/texmf-dist/tex/generic/pgf/math/pgfmathfunctions.comparison
.code.tex)
(/usr/share/texlive/texmf-dist/tex/generic/pgf/math/pgfmathfunctions.base.code.
tex)
(/usr/share/texlive/texmf-dist/tex/generic/pgf/math/pgfmathfunctions.round.code
.tex)
(/usr/share/texlive/texmf-dist/tex/generic/pgf/math/pgfmathfunctions.misc.code.
tex)
(/usr/share/texlive/texmf-dist/tex/generic/pgf/math/pgfmathfunctions.integerari
thmetics.code.tex)))
(/usr/share/texlive/texmf-dist/tex/generic/pgf/math/pgfmathfloat.code.tex
\c@pgfmathroundto@lastzeros=\count272
))
\pgffor@iter=\dimen150
\pgffor@skip=\dimen151
\pgffor@stack=\toks23
\pgffor@toks=\toks24
)
\psLoopIndex=\count273

`PSTricks' v2.97  <2019/05/11> (tvz,hv)
\pst@dima=\dimen152
\pst@dimb=\dimen153
\pst@dimc=\dimen154
\pst@dimd=\dimen155
\pst@dimg=\dimen156
\pst@dimh=\dimen157
\pst@dimm=\dimen158
\pst@dimn=\dimen159
\pst@dimo=\dimen160
\pst@dimp=\dimen161
\pst@hbox=\box47
\pst@ibox=\box48
\pst@boxg=\box49
\pst@cnta=\count274
\pst@cntb=\count275
\pst@cntc=\count276
\pst@cntd=\count277
\pst@cntg=\count278
\pst@cnth=\count279
\pst@cntm=\count280
\pst@cntn=\count281
\pst@cnto=\count282
\pst@cntp=\count283
\@zero=\count284
\pst@toks=\toks25
(/usr/share/texlive/texmf-dist/tex/generic/pstricks/pstricks.con)
\psunit=\dimen162
\psxunit=\dimen163
\psyunit=\dimen164
\pst@C@@rType=\count285
\pslinewidth=\dimen165
\psk@startLW=\dimen166
\psk@endLW=\dimen167
\pst@customdefs=\toks26
\pslinearc=\dimen168
\pst@symbolStep=\dimen169
\pst@symbolWidth=\dimen170
\pst@symbolLinewidth=\dimen171
\everypsbox=\toks27
\psframesep=\dimen172
\pslabelsep=\dimen173
\sh@wgridXunit=\dimen174
\sh@wgridYunit=\dimen175
\pst@shift=\dimen176
)
File: pstricks.tex 2019/05/11 v2.97 `PSTricks' (tvz,hv)

(/usr/share/texlive/texmf-dist/tex/generic/pstricks/pst-fp.tex)
File: pst-fp.tex 2019/05/11 v2.97 `PST-fp' (hv)
)
(/usr/share/texlive/texmf-dist/tex/latex/pstricks-add/pstricks-add.sty
(/usr/share/texlive/texmf-dist/tex/latex/pst-plot/pst-plot.sty
Package: pst-plot 2011/06/05 v1.00 LaTeX wrapper for `pst-plot' (HV)

(/usr/share/texlive/texmf-dist/tex/latex/xkeyval/pst-xkey.sty
Package: pst-xkey 2005/11/25 v1.6 package wrapper for pst-xkey.tex (HA)
)
(/usr/share/texlive/texmf-dist/tex/latex/multido/multido.sty
Package: multido 2004/05/17 package wrapper for PSTricks `multido.tex', (HV/RN)

(/usr/share/texlive/texmf-dist/tex/generic/multido/multido.tex
 v1.42, 2010/05/14 <tvz>
\multido@count=\count286
\multidocount=\count287
\multido@stuff=\toks28
)
File: multido.tex 2010/05/14 v1.42 `multido' (tvz,hv)
)
Package: pst-plot 2011/04/13 package wrapper for pst-plot.tex (hv)

(/usr/share/texlive/texmf-dist/tex/generic/pst-plot/pst-plot.tex
(/usr/share/texlive/texmf-dist/tex/generic/pst-tools/pst-tools.tex
`PST-tools' v0.09b, 2017/12/03 (hv))
(/usr/share/texlive/texmf-dist/tex/generic/pstricks-add/pstricks-add.tex
(/usr/share/texlive/texmf-dist/tex/generic/pst-node/pst-node.tex
 v1.42, 2019/03/03
\psrow=\count288
\pscol=\count289
\psmatrixcnt=\count290
\psrowsep=\skip49
\pscolsep=\skip50
\pst@args=\count291
\num@pts=\count292
\pst@argcnt=\count293
)
(/usr/share/texlive/texmf-dist/tex/generic/pst-arrow/pst-arrow.tex
`pst-arrow' v0.01, 2016/09/01 (dr,hv)
\pshooklength=\dimen177
\pshookwidth=\dimen178
)
(/usr/share/texlive/texmf-dist/tex/generic/pst-3d/pst-3d.tex
`PST-3d' v1.11, 2010/02/14 (tvz))
(/usr/share/texlive/texmf-dist/tex/generic/pst-math/pst-math.tex
`pst-math' v0.64 , (CJ,hv)) `pstricks-add' v3.89a, 2020/02/12 (dr,hv)
\psparallelogramsep=\dimen179
\pst@cntC=\count294
\pst@stepcount=\count295
\chart@ColorIndex=\dimen180
\chart@ColorStep=\dimen181
\pst@chartHeight=\dimen182
\pst@chartStackDepth=\dimen183
\pst@chartStackWidth=\dimen184
\chart@Toggle=\count296
\psVectorCtr=\count297
)
 v1.92, 2019/05/16 (tvz,hv)
\pstRadUnit=\dimen185
\pstRadUnitInv=\dimen186
\pst@linecnt=\count298
\RCD@file=\read3
\psxlabelsep=\dimen187
\psylabelsep=\dimen188
\psk@subticksize=\dimen189
\pst@xticksizeA=\dimen190
\pst@xticksizeB=\dimen191
\pst@xticksizeC=\dimen192
\pst@yticksizeA=\dimen193
\pst@yticksizeB=\dimen194
\pst@yticksizeC=\dimen195
\@digitcounter=\count299
\psk@llx=\dimen196
\psk@lly=\dimen197
\psk@urx=\dimen198
\psk@ury=\dimen199
\pst@xunit=\dimen256
\pst@yunit=\dimen257
)
File: pst-plot.tex 2019/05/16 1.92 `pst-plot' (tvz,hv)
)
(/usr/share/texlive/texmf-dist/tex/latex/pst-node/pst-node.sty
Package: pst-node 2012/09/18 v1.01 LaTeX wrapper for `pst-node' (HV)
Package: pst-node 2010/04/22 package wrapper for pst-node.tex

(/usr/share/texlive/texmf-dist/tex/generic/pst-node/pst-node.tex)
File: pst-node.tex 2019/05/16 1.92 `pst-node' (tvz,hv)
)
(/usr/share/texlive/texmf-dist/tex/latex/pst-3d/pst-3d.sty
Package: pst-3d 2009/07/28 package wrapper for pst-3d.tex (hv)

(/usr/share/texlive/texmf-dist/tex/generic/pst-3d/pst-3d.tex)
File: pst-3d.tex 2019/05/16 v1.92 `PST-3d' (hv)
)
(/usr/share/texlive/texmf-dist/tex/latex/pst-math/pst-math.sty
Package: pst-math 2018/12/16 v 0.65 package wrapper for PSTricks pst-math.tex

(/usr/share/texlive/texmf-dist/tex/latex/pst-calculate/pst-calculate.sty
Package: pst-calculate 2019/01/24 v. 0.02(Herbert Voss) Support for caculations 
with floating point numbers.

(/usr/share/texlive/texmf-dist/tex/latex/siunitx/siunitx.sty
Package: siunitx 2020/01/15 v2.7u A comprehensive (SI) units package

(/usr/share/texlive/texmf-dist/tex/latex/amsmath/amstext.sty
Package: amstext 2000/06/29 v2.01 AMS text

(/usr/share/texlive/texmf-dist/tex/latex/amsmath/amsgen.sty
File: amsgen.sty 1999/11/30 v2.0 generic functions
\@emptytoks=\toks29
\ex@=\dimen258
))
(/usr/share/texlive/texmf-dist/tex/latex/tools/array.sty
Package: array 2019/08/31 v2.4l Tabular extension package (FMi)
\col@sep=\dimen259
\ar@mcellbox=\box50
\extrarowheight=\dimen260
\NC@list=\toks30
\extratabsurround=\skip51
\backup@length=\skip52
\ar@cellbox=\box51
)
(/usr/share/texlive/texmf-dist/tex/latex/l3packages/l3keys2e/l3keys2e.sty
Package: l3keys2e 2020-02-14 LaTeX2e option processing using LaTeX3 keys
)
\l__siunitx_tmp_box=\box52
\l__siunitx_tmp_dim=\dimen261
\l__siunitx_tmp_int=\count300
\l__siunitx_number_mantissa_length_int=\count301
\l__siunitx_number_uncert_length_int=\count302
\l__siunitx_round_int=\count303
\l__siunitx_process_decimal_int=\count304
\l__siunitx_process_uncertainty_int=\count305
\l__siunitx_process_fixed_int=\count306
\l__siunitx_process_integer_min_int=\count307
\l__siunitx_process_precision_int=\count308
\l__siunitx_group_min_int=\count309
\l__siunitx_angle_marker_box=\box53
\l__siunitx_angle_unit_box=\box54
\l__siunitx_angle_marker_dim=\dimen262
\l__siunitx_angle_unit_dim=\dimen263
\l__siunitx_unit_int=\count310
\l__siunitx_unit_denominator_int=\count311
\l__siunitx_unit_numerator_int=\count312
\l__siunitx_unit_prefix_int=\count313
\l__siunitx_unit_prefix_base_int=\count314
\l__siunitx_unit_prefix_gram_int=\count315
\l__siunitx_number_product_int=\count316
\c__siunitx_one_fill_skip=\skip53
\l__siunitx_table_unit_align_skip=\skip54
\l__siunitx_table_exponent_dim=\dimen264
\l__siunitx_table_integer_dim=\dimen265
\l__siunitx_table_mantissa_dim=\dimen266
\l__siunitx_table_marker_dim=\dimen267
\l__siunitx_table_result_dim=\dimen268
\l__siunitx_table_uncert_dim=\dimen269
\l__siunitx_table_fill_pre_dim=\dimen270
\l__siunitx_table_fill_post_dim=\dimen271
\l__siunitx_table_fill_mid_dim=\dimen272
\l__siunitx_table_pre_box=\box55
\l__siunitx_table_post_box=\box56
\l__siunitx_table_mantissa_box=\box57
\l__siunitx_table_result_box=\box58
\l__siunitx_table_number_align_skip=\skip55
\l__siunitx_table_text_align_skip=\skip56

(/usr/share/texlive/texmf-dist/tex/latex/translator/translator.sty
Package: translator 2019-05-31 v1.12a Easy translation of strings in LaTeX
)))
(/usr/share/texlive/texmf-dist/tex/generic/xstring/xstring.sty
(/usr/share/texlive/texmf-dist/tex/generic/xstring/xstring.tex
\integerpart=\count317
\decimalpart=\count318
)
Package: xstring 2019/02/06 v1.83 String manipulations (CT)
)
(/usr/share/texlive/texmf-dist/tex/generic/pst-math/pst-math.tex)
File: pst-math.tex 2019/05/16 v1.92 `PST-math' (hv)
\c@Rand@No=\count319
\c@Random@Left=\count320
\c@Random@Right=\count321
\c@Random@No@max=\count322
)
Package: pstricks-add 2018/02/04 v. 0.16 package wrapper for pstricks-add.tex (h
v)

(/usr/share/texlive/texmf-dist/tex/generic/pstricks-add/pstricks-add.tex)
File: pstricks-add.tex 2019/05/16 v1.92 `PSTricks-add' (hv)
)
(/usr/share/texlive/texmf-dist/tex/latex/pstricks/pst-all.sty
Package: pst-all 2008/01/01 the main pstricks tools

(/usr/share/texlive/texmf-dist/tex/latex/pst-tree/pst-tree.sty
Package: pst-tree 2009/01/25 package wrapper for pst-tree.tex

(/usr/share/texlive/texmf-dist/tex/generic/pst-tree/pst-tree.tex
 v1.13, 2017/02/18(tvz,dg,hv)
\pstree@rootbox=\box59
\pstree@box=\box60
\psnodecnt=\count323
\pstreelevel=\count324
\pstreecnt=\count325
\pstree@cnt=\count326
\pstree@stop=\count327
)
File: pst-tree.tex 2017/02/18 1.13 `pst-tree' (tvz,hv)
)
(/usr/share/texlive/texmf-dist/tex/latex/pst-grad/pst-grad.sty
Package: pst-grad 2004/07/15 package wrapper for pst-grad.tex (hv)

(/usr/share/texlive/texmf-dist/tex/generic/pst-grad/pst-grad.tex
`pst-grad' v1.06, 2006/11/27 (tvz,dg,hv))
File: pst-grad.tex 2006/11/27 1.06 `pst-grad' (tvz)
)
(/usr/share/texlive/texmf-dist/tex/latex/pst-coil/pst-coil.sty
Package: pst-coil 2010/02/01 package wrapper for pst-coil.tex (hv)

(/usr/share/texlive/texmf-dist/tex/generic/pst-coil/pst-coil.tex
 v1.06, 2006/11/27
(/usr/share/texlive/texmf-dist/tex/generic/pst-node/pst-node.tex))
File: pst-coil.tex 2015/05/13 v1.07 `PST-coil' (tvz,hv)
)
(/usr/share/texlive/texmf-dist/tex/latex/pst-text/pst-text.sty
Package: pst-text 2018/12/28 package wrapper for pst-text.tex (hv)

(/usr/share/texlive/texmf-dist/tex/generic/pst-text/pst-text.tex
 v1.01, 2018/12/22(tvz,hv))
File: pst-text.tex 2018/12/22 1.01 `pst-text' (tvz)
)
(/usr/share/texlive/texmf-dist/tex/latex/pst-eps/pst-eps.sty
Package: pst-eps 2005/05/20 package wrapper for pst-eps.tex (hv)

(/usr/share/texlive/texmf-dist/tex/generic/pst-eps/pst-eps.tex
 v1.00, 2006/11/04
\pst@epsout=\write3
\pst@tempout=\write4
)
File: pst-eps.tex 2006/11/04 1.00 `pst-eps' (tvz)
)
(/usr/share/texlive/texmf-dist/tex/latex/pst-fill/pst-fill.sty
Package: pst-fill 2005/09/13 package wrapper for pst-fill.tex (hv)

(/usr/share/texlive/texmf-dist/tex/generic/pst-fill/pst-fill.tex
`PST-Fill' v1.01, 2007/03/10 (tvz,dg,hv)
\pst@fillbox=\box61
)
File: pst-fill.tex 2007/03/10 v1.01 `PST-fill' (tvz,dg)
))
(/usr/share/texlive/texmf-dist/tex/latex/pst-func/pst-func.sty
Package: pst-func 2018/12/13 package wrapper for pst-func.tex (hv)

(/usr/share/texlive/texmf-dist/tex/latex/pst-tools/pst-tools.sty
Package: pst-tools 2012/01/01 package wrapper for pst-tools.tex (hv)

(/usr/share/texlive/texmf-dist/tex/generic/pst-tools/pst-tools.tex)
File: pst-tools.tex 2007/03/10 v1.01 `PST-tools' (hv)
)
(/usr/share/texlive/texmf-dist/tex/generic/pst-func/pst-func.tex
`PST-func' v0.93, 2019/05/17 (hv)
\psk@zeroLineWidth=\dimen273
)
File: pst-func.tex 2019/05/17 v0.93 `PST-func' (hv)
)
(/usr/share/texlive/texmf-dist/tex/latex/base/textcomp.sty
Package: textcomp 2020/02/02 v2.0n Standard LaTeX package
)
(/usr/share/texlive/texmf-dist/tex/latex/amsmath/amsmath.sty
Package: amsmath 2020/01/20 v2.17e AMS math features
\@mathmargin=\skip57

For additional information on amsmath, use the `?' option.
(/usr/share/texlive/texmf-dist/tex/latex/amsmath/amsbsy.sty
Package: amsbsy 1999/11/29 v1.2d Bold Symbols
\pmbraise@=\dimen274
)
(/usr/share/texlive/texmf-dist/tex/latex/amsmath/amsopn.sty
Package: amsopn 2016/03/08 v2.02 operator names
)
\inf@bad=\count328
LaTeX Info: Redefining \frac on input line 227.
\uproot@=\count329
\leftroot@=\count330
LaTeX Info: Redefining \overline on input line 389.
\classnum@=\count331
\DOTSCASE@=\count332
LaTeX Info: Redefining \ldots on input line 486.
LaTeX Info: Redefining \dots on input line 489.
LaTeX Info: Redefining \cdots on input line 610.
\Mathstrutbox@=\box62
\strutbox@=\box63
\big@size=\dimen275
LaTeX Font Info:    Redeclaring font encoding OML on input line 733.
LaTeX Font Info:    Redeclaring font encoding OMS on input line 734.
\macc@depth=\count333
\c@MaxMatrixCols=\count334
\dotsspace@=\muskip16
\c@parentequation=\count335
\dspbrk@lvl=\count336
\tag@help=\toks31
\row@=\count337
\column@=\count338
\maxfields@=\count339
\andhelp@=\toks32
\eqnshift@=\dimen276
\alignsep@=\dimen277
\tagshift@=\dimen278
\tagwidth@=\dimen279
\totwidth@=\dimen280
\lineht@=\dimen281
\@envbody=\toks33
\multlinegap=\skip58
\multlinetaggap=\skip59
\mathdisplay@stack=\toks34
LaTeX Info: Redefining \[ on input line 2859.
LaTeX Info: Redefining \] on input line 2860.
)
(/usr/share/texlive/texmf-dist/tex/latex/amsfonts/amsfonts.sty
Package: amsfonts 2013/01/14 v3.01 Basic AMSFonts support
\symAMSa=\mathgroup4
\symAMSb=\mathgroup5
LaTeX Font Info:    Redeclaring math symbol \hbar on input line 98.
LaTeX Font Info:    Overwriting math alphabet `\mathfrak' in version `bold'
(Font)                  U/euf/m/n --> U/euf/b/n on input line 106.
)
(/usr/share/texlive/texmf-dist/tex/latex/amsfonts/amssymb.sty
Package: amssymb 2013/01/14 v3.01 AMS font symbols
)
(/usr/share/texlive/texmf-dist/tex/latex/stmaryrd/stmaryrd.sty
Package: stmaryrd 1994/03/03 St Mary's Road symbol package
\symstmry=\mathgroup6
LaTeX Font Info:    Overwriting symbol font `stmry' in version `bold'
(Font)                  U/stmry/m/n --> U/stmry/b/n on input line 89.
)
(./Config/milkstyle.sty
(/usr/share/texlive/texmf-dist/tex/latex/jknapltx/mathrsfs.sty
Package: mathrsfs 1996/01/01 Math RSFS package v1.0 (jk)
\symrsfs=\mathgroup7
)
(/usr/share/texlive/texmf-dist/tex/latex/tools/longtable.sty
Package: longtable 2020/01/07 v4.13 Multi-page Table package (DPC)
\LTleft=\skip60
\LTright=\skip61
\LTpre=\skip62
\LTpost=\skip63
\LTchunksize=\count340
\LTcapwidth=\dimen282
\LT@head=\box64
\LT@firsthead=\box65
\LT@foot=\box66
\LT@lastfoot=\box67
\LT@cols=\count341
\LT@rows=\count342
\c@LT@tables=\count343
\c@LT@chunks=\count344
\LT@p@ftn=\toks35
)
(/usr/share/texlive/texmf-dist/tex/latex/tools/xspace.sty
Package: xspace 2014/10/28 v1.13 Space after command names (DPC,MH)
)
(/usr/share/texlive/texmf-dist/tex/latex/comment/comment.sty
\CommentStream=\write5

Excluding comment 'comment')
(/usr/share/texlive/texmf-dist/tex/latex/tools/layout.sty
Package: layout 2014/10/28 v1.2c Show layout parameters
\oneinch=\count345
\cnt@paperwidth=\count346
\cnt@paperheight=\count347
\cnt@hoffset=\count348
\cnt@voffset=\count349
\cnt@textheight=\count350
\cnt@textwidth=\count351
\cnt@topmargin=\count352
\cnt@oddsidemargin=\count353
\cnt@evensidemargin=\count354
\cnt@headheight=\count355
\cnt@headsep=\count356
\cnt@marginparsep=\count357
\cnt@marginparwidth=\count358
\cnt@marginparpush=\count359
\cnt@footskip=\count360
\fheight=\count361
\ref@top=\count362
\ref@hoffset=\count363
\ref@voffset=\count364
\ref@head=\count365
\ref@body=\count366
\ref@foot=\count367
\ref@margin=\count368
\ref@marginwidth=\count369
\ref@marginpar=\count370
\Interval=\count371
\ExtraYPos=\count372
\PositionX=\count373
\PositionY=\count374
\ArrowLength=\count375
)
(/usr/share/texlive/texmf-dist/tex/latex/anysize/anysize.sty
Package: anysize 1994/08/13 setting margin sizes

document style option `anysize' loaded
Michael Salzenberg, Thomas Esser, Dirk Hillbrecht
Version 1.0, Aug 13, 1994
\@Leftmargin=\dimen283
\@Rightmargin=\dimen284
\@Topmargin=\dimen285
\@Bottommargin=\dimen286
) (/usr/share/texlive/texmf-dist/tex/latex/threeparttable/threeparttable.sty
Package: threeparttable 2003/06/13  v 3.0
\@tempboxb=\box68
)
(/usr/share/texlive/texmf-dist/tex/latex/tools/tabularx.sty
Package: tabularx 2020/01/15 v2.11c `tabularx' package (DPC)
\TX@col@width=\dimen287
\TX@old@table=\dimen288
\TX@old@col=\dimen289
\TX@target=\dimen290
\TX@delta=\dimen291
\TX@cols=\count376
\TX@ftn=\toks36
)
(/usr/share/texlive/texmf-dist/tex/latex/endnotes/endnotes.sty
Package: endnotes 2020-01-02 endnotes package
\c@endnote=\count377
\endnotesep=\dimen292
\@enotes=\write6
)
(/usr/share/texlive/texmf-dist/tex/latex/acronym/acronym.sty
Package: acronym 2019/11/11 v1.42 Support for acronyms (Tobias Oetiker)

(/usr/share/texlive/texmf-dist/tex/latex/bigfoot/suffix.sty
Package: suffix 2006/07/15 1.5a Variant command support
)
\AC@clearlist=\toks37
)
(/usr/share/texlive/texmf-dist/tex/latex/base/latexsym.sty
Package: latexsym 1998/08/17 v2.2e Standard LaTeX package (lasy symbols)
\symlasy=\mathgroup8
LaTeX Font Info:    Overwriting symbol font `lasy' in version `bold'
(Font)                  U/lasy/m/n --> U/lasy/b/n on input line 52.
)
(/usr/share/texlive/texmf-dist/tex/latex/graphics/rotating.sty
Package: rotating 2016/08/11 v2.16d rotated objects in LaTeX

(/usr/share/texlive/texmf-dist/tex/latex/graphics/graphicx.sty
Package: graphicx 2019/11/30 v1.2a Enhanced LaTeX Graphics (DPC,SPQR)

(/usr/share/texlive/texmf-dist/tex/latex/graphics/graphics.sty
Package: graphics 2019/11/30 v1.4a Standard LaTeX Graphics (DPC,SPQR)

(/usr/share/texlive/texmf-dist/tex/latex/graphics/trig.sty
Package: trig 2016/01/03 v1.10 sin cos tan (DPC)
)
(/usr/share/texlive/texmf-dist/tex/latex/graphics-cfg/graphics.cfg
File: graphics.cfg 2016/06/04 v1.11 sample graphics configuration
)
Package graphics Info: Driver file: luatex.def on input line 105.
)
\Gin@req@height=\dimen293
\Gin@req@width=\dimen294
)
(/usr/share/texlive/texmf-dist/tex/latex/base/ifthen.sty
Package: ifthen 2014/09/29 v1.1c Standard LaTeX ifthen package (DPC)
)
\c@r@tfl@t=\count378
\rotFPtop=\skip64
\rotFPbot=\skip65
\rot@float@box=\box69
\rot@mess@toks=\toks38
)
(/usr/share/texlive/texmf-dist/tex/latex/base/shortvrb.sty
Package: shortvrb 2019/12/16 v2.1l Standard LaTeX documentation package (FMi)
)
(/usr/share/texlive/texmf-dist/tex/latex/multirow/multirow.sty
Package: multirow 2019/05/31 v2.5 Span multiple rows of a table
\multirow@colwidth=\skip66
\multirow@cntb=\count379
\multirow@dima=\skip67
\bigstrutjot=\dimen295
)
(/usr/share/texlive/texmf-dist/tex/latex/boxedminipage/boxedminipage.sty)
Package shortvrb Info: Made " a short reference for \verb on input line 59.
\Linewidth=\skip68
\ritemno=\count380
\ritemcount=\count381
)
(/usr/share/texlive/texmf-dist/tex/latex/units/nicefrac.sty
Package: nicefrac 1998/08/04 v0.9b Nice fractions
\L@UnitsRaiseDisplaystyle=\skip69
\L@UnitsRaiseTextstyle=\skip70
\L@UnitsRaiseScriptstyle=\skip71
)
(/usr/share/texlive/texmf-dist/tex/latex/preprint/balance.sty
Package: balance 1999/02/23 4.3 (PWD)
\oldvsize=\dimen296
)
(/usr/share/texlive/texmf-dist/tex/latex/lastpage/lastpage.sty
Package: lastpage 2015/03/29 v1.2m Refers to last page's name (HMM; JPG)
)
(/usr/share/texlive/texmf-dist/tex/latex/lettrine/lettrine.sty
File: lettrine.sty 2019-04-06 v2.22 (Daniel Flipo)

(/usr/share/texlive/texmf-dist/tex/generic/minifp/minifp.sty
Package: minifp 2013/12/30 v0.96. Macros for real number operations and a stack-
based programing language.
\MFP@loopctr=\count382
)
\c@DefaultLines=\count383
\c@DefaultDepth=\count384
\DefaultFindent=\dimen297
\DefaultNindent=\dimen298
\DefaultSlope=\dimen299
\DiscardVskip=\dimen300
\L@lbox=\box70
\L@tbox=\box71
\c@L@lines=\count385
\c@L@depth=\count386
\L@Pindent=\dimen301
\L@Findent=\dimen302
\L@Nindent=\dimen303
\L@lraise=\dimen304
\L@first=\dimen305
\L@next=\dimen306
\L@slope=\dimen307
\L@height=\dimen308
\L@novskip=\dimen309
\L@target@ht=\dimen310
\L@target@dp=\dimen311
\L@target@tht=\dimen312
\LettrineWidth=\dimen313
\LettrineHeight=\dimen314
\LettrineDepth=\dimen315
\Llist@everypar=\toks39

Loading lettrine.cfg
(/usr/share/texlive/texmf-dist/tex/latex/lettrine/lettrine.cfg))
(/usr/share/texlive/texmf-dist/tex/latex/amsfonts/eucal.sty
Package: eucal 2009/06/22 v3.00 Euler Script fonts
LaTeX Font Info:    Overwriting math alphabet `\EuScript' in version `bold'
(Font)                  U/eus/m/n --> U/eus/b/n on input line 33.
)
(/usr/share/texlive/texmf-dist/tex/latex/colortbl/colortbl.sty
Package: colortbl 2020/01/04 v1.0e Color table columns (DPC)
\everycr=\toks40
\minrowclearance=\skip72
)
(/usr/share/texlive/texmf-dist/tex/latex/hyperref/hyperref.sty
Package: hyperref 2020/01/14 v7.00d Hypertext links for LaTeX

(/usr/share/texlive/texmf-dist/tex/generic/ltxcmds/ltxcmds.sty
Package: ltxcmds 2019/12/15 v1.24 LaTeX kernel commands for general use (HO)
)
(/usr/share/texlive/texmf-dist/tex/latex/pdftexcmds/pdftexcmds.sty
Package: pdftexcmds 2019/11/24 v0.31 Utility functions of pdfTeX for LuaTeX (HO)


(/usr/share/texlive/texmf-dist/tex/generic/infwarerr/infwarerr.sty
Package: infwarerr 2019/12/03 v1.5 Providing info/warning/error messages (HO)
)
Package pdftexcmds Info: \pdf@primitive is available.
Package pdftexcmds Info: \pdf@ifprimitive is available.
Package pdftexcmds Info: \pdfdraftmode found.
\pdftexcmds@toks=\toks41
)
(/usr/share/texlive/texmf-dist/tex/generic/kvsetkeys/kvsetkeys.sty
Package: kvsetkeys 2019/12/15 v1.18 Key value parser (HO)
)
(/usr/share/texlive/texmf-dist/tex/generic/kvdefinekeys/kvdefinekeys.sty
Package: kvdefinekeys 2019-12-19 v1.6 Define keys (HO)
)
(/usr/share/texlive/texmf-dist/tex/generic/pdfescape/pdfescape.sty
Package: pdfescape 2019/12/09 v1.15 Implements pdfTeX's escape features (HO)
)
(/usr/share/texlive/texmf-dist/tex/latex/hycolor/hycolor.sty
Package: hycolor 2020-01-27 v1.10 Color options for hyperref/bookmark (HO)
)
(/usr/share/texlive/texmf-dist/tex/latex/letltxmacro/letltxmacro.sty
Package: letltxmacro 2019/12/03 v1.6 Let assignment for LaTeX macros (HO)
)
(/usr/share/texlive/texmf-dist/tex/latex/auxhook/auxhook.sty
Package: auxhook 2019-12-17 v1.6 Hooks for auxiliary files (HO)
)
(/usr/share/texlive/texmf-dist/tex/latex/kvoptions/kvoptions.sty
Package: kvoptions 2019/11/29 v3.13 Key value format for package options (HO)
)
\@linkdim=\dimen316
\Hy@linkcounter=\count387
\Hy@pagecounter=\count388

(/usr/share/texlive/texmf-dist/tex/latex/hyperref/pd1enc.def
File: pd1enc.def 2020/01/14 v7.00d Hyperref: PDFDocEncoding definition (HO)
)
(/usr/share/texlive/texmf-dist/tex/generic/intcalc/intcalc.sty
Package: intcalc 2019/12/15 v1.3 Expandable calculations with integers (HO)
)
(/usr/share/texlive/texmf-dist/tex/generic/etexcmds/etexcmds.sty
Package: etexcmds 2019/12/15 v1.7 Avoid name clashes with e-TeX commands (HO)
)
\Hy@SavedSpaceFactor=\count389
Package hyperref Info: Hyper figures OFF on input line 4547.
Package hyperref Info: Link nesting OFF on input line 4552.
Package hyperref Info: Hyper index ON on input line 4555.
Package hyperref Info: Plain pages OFF on input line 4562.
Package hyperref Info: Backreferencing OFF on input line 4567.
Package hyperref Info: Implicit mode ON; LaTeX internals redefined.
Package hyperref Info: Bookmarks ON on input line 4800.
\c@Hy@tempcnt=\count390

(/usr/share/texlive/texmf-dist/tex/latex/url/url.sty
\Urlmuskip=\muskip17
Package: url 2013/09/16  ver 3.4  Verb mode for urls, etc.
)
LaTeX Info: Redefining \url on input line 5159.
\XeTeXLinkMargin=\dimen317

(/usr/share/texlive/texmf-dist/tex/generic/bitset/bitset.sty
Package: bitset 2019/12/09 v1.3 Handle bit-vector datatype (HO)

(/usr/share/texlive/texmf-dist/tex/generic/bigintcalc/bigintcalc.sty
Package: bigintcalc 2019/12/15 v1.5 Expandable calculations on big integers (HO)

))
\Fld@menulength=\count391
\Field@Width=\dimen318
\Fld@charsize=\dimen319
Package hyperref Info: Hyper figures OFF on input line 6430.
Package hyperref Info: Link nesting OFF on input line 6435.
Package hyperref Info: Hyper index ON on input line 6438.
Package hyperref Info: backreferencing OFF on input line 6445.
Package hyperref Info: Link coloring OFF on input line 6450.
Package hyperref Info: Link coloring with OCG OFF on input line 6455.
Package hyperref Info: PDF/A mode OFF on input line 6460.
LaTeX Info: Redefining \ref on input line 6500.
LaTeX Info: Redefining \pageref on input line 6504.

(/usr/share/texlive/texmf-dist/tex/generic/atbegshi/atbegshi.sty
Package: atbegshi 2019/12/05 v1.19 At begin shipout hook (HO)
)
\Hy@abspage=\count392
\c@Item=\count393
\c@Hfootnote=\count394
)
Package hyperref Info: Driver (autodetected): hluatex.

(/usr/share/texlive/texmf-dist/tex/latex/hyperref/hluatex.def
File: hluatex.def 2020/01/14 v7.00d Hyperref driver for luaTeX

(/usr/share/texlive/texmf-dist/tex/latex/hyperref/puenc.def
File: puenc.def 2020/01/14 v7.00d Hyperref: PDF Unicode definition (HO)
)
(/usr/share/texlive/texmf-dist/tex/generic/stringenc/stringenc.sty
Package: stringenc 2019/11/29 v1.12 Convert strings between diff. encodings (HO)

)
(/usr/share/texlive/texmf-dist/tex/latex/atveryend/atveryend.sty
Package: atveryend 2019-12-11 v1.11 Hooks at the very end of document (HO)
Package atveryend Info: \enddocument detected (standard20110627).
)
\Fld@listcount=\count395
\c@bookmark@seq@number=\count396

(/usr/share/texlive/texmf-dist/tex/latex/rerunfilecheck/rerunfilecheck.sty
Package: rerunfilecheck 2019/12/05 v1.9 Rerun checks for auxiliary files (HO)

(/usr/share/texlive/texmf-dist/tex/generic/uniquecounter/uniquecounter.sty
Package: uniquecounter 2019/12/15 v1.4 Provide unlimited unique counter (HO)
)
Package uniquecounter Info: New unique counter `rerunfilecheck' on input line 28
6.
)
\Hy@SectionHShift=\skip73
)
(/usr/share/texlive/texmf-dist/tex/latex/tools/indentfirst.sty
Package: indentfirst 1995/11/23 v1.03 Indent first paragraph (DPC)
)
(/usr/share/texlive/texmf-dist/tex/latex/enumitem/enumitem.sty
Package: enumitem 2019/06/20 v3.9 Customized lists
\enitkv@toks@=\toks42
\labelindent=\skip74
\enit@outerparindent=\dimen320
\enit@toks=\toks43
\enit@inbox=\box72
\enit@count@id=\count397
\enitdp@description=\count398
)
(/usr/share/texlive/texmf-dist/tex/generic/dvips/colordvi.sty)
(/usr/share/texlive/texmf-dist/tex/latex/fancyhdr/fancyhdr.sty
Package: fancyhdr 2019/01/31 v3.10 Extensive control of page headers and footers

\f@nch@headwidth=\skip75
\f@nch@O@elh=\skip76
\f@nch@O@erh=\skip77
\f@nch@O@olh=\skip78
\f@nch@O@orh=\skip79
\f@nch@O@elf=\skip80
\f@nch@O@erf=\skip81
\f@nch@O@olf=\skip82
\f@nch@O@orf=\skip83
)
(/usr/share/texlive/texmf-dist/tex/latex/yfonts/yfonts.sty
Package: yfonts 2019/04/04 v1.4 (WaS&NP)
LaTeX Info: Composite with undeclared \" in encoding LYG on input line 58.
)
(/usr/share/texlive/texmf-dist/tex/latex/tools/theorem.sty
Package: theorem 2014/10/28 v2.2c Theorem extension package (FMi)
\theorem@style=\toks44
\theorem@bodyfont=\toks45
\theorempreskipamount=\skip84
\theorempostskipamount=\skip85

(/usr/share/texlive/texmf-dist/tex/latex/tools/thp.sty
File: thp.sty 2014/10/28 v2.2c Theorem extension package (FMi)
))
(/usr/share/texlive/texmf-dist/tex/latex/sttools/midfloat.sty
Package: midfloat 2012/05/29 v1.1 Insert some material in full-width on double-c
olumn page
Package: midfloat 1997/10/01
\juo@sar=\toks46
\stripsep=\skip86
\m@addvipersep=\skip87
\c@addvipersep=\skip88
\ht@strip=\dimen321
\right@cor=\dimen322
\cor@height=\dimen323
\juo@pr=\dimen324
\juo@ht=\dimen325
\c@colht=\dimen326
\@viper=\box73
\@rightcolumn=\box74
\juo@sk=\count399
)
(/usr/share/texlive/texmf-dist/tex/latex/cancel/cancel.sty
Package: cancel 2013/04/12 v2.2 Cancel math terms
))
(/usr/share/texlive/texmf-dist/tex/latex/lipsum/lipsum.sty
Package: lipsum 2019/01/02 v2.2 150 paragraphs of Lorem Ipsum dummy text

(/usr/share/texlive/texmf-dist/tex/latex/lipsum/lipsum.ltd.tex
File: lipsum.ltd.tex 2019/01/02 v2.2 The Lorem ipsum dummy text
))
(./Config/custom.tex
Package hyperref Info: Option `colorlinks' set `true' on input line 20.
Package hyperref Info: Option `breaklinks' set `true' on input line 20.
Package hyperref Info: Option `linktocpage' set `true' on input line 20.
LaTeX Font Info:    Redeclaring math alphabet \mathbb on input line 30.
\c@Prop=\count400
\c@Def=\count401
\c@Not=\count402
\c@Theo=\count403
\c@Lem=\count404
\c@Coro=\count405
\c@Conj=\count406
\c@Prob=\count407
\c@Exa=\count408
\c@proof=\count409
\c@sol=\count410
\c@questionNumber=\count411

Package fontspec Info: Could not resolve font "GentiumBasicBold/I" (it
(fontspec)             probably doesn't exist).

luaotfload | aux : font no 36 (nil) does not define feature hlig for script latn
 with language dflt

Package fontspec Warning: OpenType feature 'Ligatures=Historic' (hlig) not
(fontspec)                available for font 'GentiumBasicBold' with script
(fontspec)                'CustomDefault' and language 'Default'.

luaotfload | aux : font no 36 (nil) does not define feature calt for script latn
 with language dflt

Package fontspec Warning: OpenType feature 'Contextuals=Alternate' (calt) not
(fontspec)                available for font 'GentiumBasicBold' with script
(fontspec)                'CustomDefault' and language 'Default'.

luaotfload | aux : font no 36 (nil) does not define feature onum for script latn
 with language dflt

Package fontspec Warning: OpenType feature 'Numbers=Lowercase' (onum) not
(fontspec)                available for font 'GentiumBasicBold' with script
(fontspec)                'CustomDefault' and language 'Default'.

luaotfload | aux : font no 36 (nil) does not define feature smcp for script latn
 with language dflt
luaotfload | aux : font no 38 (nil) does not define feature calt for script latn
 with language dflt

Package fontspec Warning: OpenType feature 'Contextuals=Alternate' (calt) not
(fontspec)                available for font 'EBGaramond/BI' with script
(fontspec)                'CustomDefault' and language 'Default'.

luaotfload | aux : font no 38 (nil) does not define feature calt for script latn
 with language dflt

Package fontspec Warning: OpenType feature 'Contextuals=Alternate' (calt) not
(fontspec)                available for font 'EBGaramond/BI' with script
(fontspec)                'CustomDefault' and language 'Default'.


Package fontspec Info: Font family 'EBGaramond(0)' created for font 'EB
(fontspec)             Garamond' with options
(fontspec)             [Ligatures=Historic,Contextuals=Alternate,Numbers=OldStyl
e,RawFeature={
(fontspec)             +hlig, +dlig, +ss05},Ligatures=TeX,RawFeature={+ss05,
(fontspec)             +hlig, +dlig},BoldFont = Gentium Basic
(fontspec)             Bold,ItalicFeatures={RawFeature={+clig},CharacterVariant=
5:0}].
(fontspec)              
(fontspec)              This font family consists of the following NFSS
(fontspec)             series/shapes:
(fontspec)              
(fontspec)             - 'normal' (m/n) with NFSS spec.:
(fontspec)             <->"EBGaramond:mode=node;script=latn;language=dflt;+hlig;
+calt;+onum;
(fontspec)             +hlig, +dlig, +ss05;+tlig;+ss05, +hlig, +dlig;"
(fontspec)             - 'small caps'  (m/sc) with NFSS spec.:
(fontspec)             <->"EBGaramond:mode=node;script=latn;language=dflt;+hlig;
+calt;+onum;
(fontspec)             +hlig, +dlig, +ss05;+tlig;+ss05, +hlig, +dlig;+smcp;"
(fontspec)             - 'bold' (b/n) with NFSS spec.:
(fontspec)             <->"GentiumBasicBold:mode=node;script=latn;language=dflt;

(fontspec)             +hlig, +dlig, +ss05;+tlig;+ss05, +hlig, +dlig;"
(fontspec)             - 'bold small caps'  (b/sc) with NFSS spec.: 
(fontspec)             - 'italic' (m/it) with NFSS spec.:
(fontspec)             <->"EBGaramond/I:mode=node;script=latn;language=dflt;+hli
g;+calt;+onum;
(fontspec)             +hlig, +dlig, +ss05;+tlig;+ss05, +hlig,
(fontspec)             +dlig;+clig;+cv05=0;"
(fontspec)             - 'italic small caps'  (m/scit) with NFSS spec.:
(fontspec)             <->"EBGaramond/I:mode=node;script=latn;language=dflt;+hli
g;+calt;+onum;
(fontspec)             +hlig, +dlig, +ss05;+tlig;+ss05, +hlig,
(fontspec)             +dlig;+clig;+cv05=0;+smcp;"
(fontspec)             - 'bold italic' (b/it) with NFSS spec.:
(fontspec)             <->"EBGaramond/BI:mode=node;script=latn;language=dflt;+hl
ig;+onum;
(fontspec)             +hlig, +dlig, +ss05;+tlig;+ss05, +hlig, +dlig;"
(fontspec)             - 'bold italic small caps'  (b/scit) with NFSS spec.:
(fontspec)             <->"EBGaramond/BI:mode=node;script=latn;language=dflt;+hl
ig;+onum;
(fontspec)             +hlig, +dlig, +ss05;+tlig;+ss05, +hlig, +dlig;+smcp;"

) (/usr/share/texlive/texmf-dist/tex/latex/tools/bm.sty
Package: bm 2019/07/24 v1.2d Bold Symbol Support (DPC/FMi)
\symboldoperators=\mathgroup9
\symboldletters=\mathgroup10
\symboldsymbols=\mathgroup11
\symboldstmry=\mathgroup12
LaTeX Font Info:    Redeclaring math alphabet \mathbf on input line 141.
LaTeX Info: Redefining \bm on input line 209.
)
(/usr/share/texlive/texmf-dist/tex/latex/verbatimbox/verbatimbox.sty
Package: verbatimbox 2014/03/12 v3.13 Routines for placing verbatim text into bo
xes, useful in places where the verbatim environment is inaccessible. Secondaril
y, for adding vertical buffer around an object.

(/usr/share/texlive/texmf-dist/tex/latex/tools/verbatim.sty
Package: verbatim 2019/11/10 v1.5r LaTeX2e package for verbatim enhancements
\every@verbatim=\toks47
\verbatim@line=\toks48
\verbatim@in@stream=\read4
)
(/usr/share/texlive/texmf-dist/tex/latex/readarray/readarray.sty
Package: readarray 2016/11/07\ 2.0\ Routines for inputting 2D and 3D array data 
and recalling it on an element-by-element basis.

(/usr/share/texlive/texmf-dist/tex/generic/listofitems/listofitems.sty
(/usr/share/texlive/texmf-dist/tex/generic/listofitems/listofitems.tex
\loi_cnt_foreach_nest=\count412
\loi_nestcnt=\count413
)
Package: listofitems 2019/08/21 v1.63 Grab items in lists using user-specified s
ep char (CT)
)
\c@@index=\count414
\c@@plane=\count415
\c@@row=\count416
\c@@col=\count417
\c@use@args=\count418
\c@@record=\count419
\c@arg@index=\count420
\c@break@count=\count421
\c@index@count=\count422
\c@loop@count=\count423
\Arg@toks=\toks49
\@arrayident@toks=\toks50
\rdar@file=\read5

readarray: bounds checking OFF
)
\savedverbbox=\box75
\c@VerbboxLineNo=\count424
\boxtopsep=\dimen327
\boxbottomsep=\dimen328
\ps@tempdima=\dimen329
\ps@tempboxa=\box76
\boxtop@sep=\skip89
\boxbottom@sep=\skip90
) (/usr/share/texlive/texmf-dist/tex/latex/float/float.sty
Package: float 2001/11/08 v1.3d Float enhancements (AL)
\c@float@type=\count425
\float@exts=\toks51
\float@box=\box77
\@float@everytoks=\toks52
\@floatcapt=\box78
)
\mygraphic=\box79

No file Prova-I-matd44-Gabarito.aux.

\openout1 = Prova-I-matd44-Gabarito.aux
LaTeX Font Info:    Checking defaults for OML/cmm/m/it on input line 49.
LaTeX Font Info:    ... okay on input line 49.
LaTeX Font Info:    Checking defaults for OMS/cmsy/m/n on input line 49.
LaTeX Font Info:    ... okay on input line 49.
LaTeX Font Info:    Checking defaults for OT1/cmr/m/n on input line 49.
LaTeX Font Info:    ... okay on input line 49.
LaTeX Font Info:    Checking defaults for T1/cmr/m/n on input line 49.
LaTeX Font Info:    ... okay on input line 49.
LaTeX Font Info:    Checking defaults for TS1/cmr/m/n on input line 49.
LaTeX Font Info:    Trying to load font information for TS1+cmr on input line 49
.
(/usr/share/texlive/texmf-dist/tex/latex/base/ts1cmr.fd
File: ts1cmr.fd 2019/12/16 v2.5j Standard LaTeX font definitions
)
LaTeX Font Info:    ... okay on input line 49.
LaTeX Font Info:    Checking defaults for TU/lmr/m/n on input line 49.
LaTeX Font Info:    ... okay on input line 49.
LaTeX Font Info:    Checking defaults for OMX/cmex/m/n on input line 49.
LaTeX Font Info:    ... okay on input line 49.
LaTeX Font Info:    Checking defaults for U/cmr/m/n on input line 49.
LaTeX Font Info:    ... okay on input line 49.
LaTeX Font Info:    Checking defaults for LGR/cmr/m/n on input line 49.
LaTeX Font Info:    Trying to load font information for LGR+cmr on input line 49
.

(/usr/share/texlive/texmf-dist/tex/latex/cbfonts-fd/lgrcmr.fd
File: lgrcmr.fd 2017/07/29 v1.2 Greek European Computer Regular
)
LaTeX Font Info:    ... okay on input line 49.
LaTeX Font Info:    Checking defaults for PD1/pdf/m/n on input line 49.
LaTeX Font Info:    ... okay on input line 49.
LaTeX Font Info:    Checking defaults for PU/pdf/m/n on input line 49.
LaTeX Font Info:    ... okay on input line 49.
LaTeX Font Info:    Checking defaults for LY/yfrak/m/n on input line 49.
LaTeX Font Info:    ... okay on input line 49.
LaTeX Font Info:    Checking defaults for LYG/ygoth/m/n on input line 49.
LaTeX Font Info:    ... okay on input line 49.

Package fontspec Info: Adjusting the maths setup (use [no-math] to avoid
(fontspec)             this).

\symlegacymaths=\mathgroup13
LaTeX Font Info:    Overwriting symbol font `legacymaths' in version `bold'
(Font)                  OT1/cmr/m/n --> OT1/cmr/bx/n on input line 49.
LaTeX Font Info:    Redeclaring math accent \acute on input line 49.
LaTeX Font Info:    Redeclaring math accent \grave on input line 49.
LaTeX Font Info:    Redeclaring math accent \ddot on input line 49.
LaTeX Font Info:    Redeclaring math accent \tilde on input line 49.
LaTeX Font Info:    Redeclaring math accent \bar on input line 49.
LaTeX Font Info:    Redeclaring math accent \breve on input line 49.
LaTeX Font Info:    Redeclaring math accent \check on input line 49.
LaTeX Font Info:    Redeclaring math accent \hat on input line 49.
LaTeX Font Info:    Redeclaring math accent \dot on input line 49.
LaTeX Font Info:    Redeclaring math accent \mathring on input line 49.
LaTeX Font Info:    Redeclaring math symbol \Gamma on input line 49.
LaTeX Font Info:    Redeclaring math symbol \Delta on input line 49.
LaTeX Font Info:    Redeclaring math symbol \Theta on input line 49.
LaTeX Font Info:    Redeclaring math symbol \Lambda on input line 49.
LaTeX Font Info:    Redeclaring math symbol \Xi on input line 49.
LaTeX Font Info:    Redeclaring math symbol \Pi on input line 49.
LaTeX Font Info:    Redeclaring math symbol \Sigma on input line 49.
LaTeX Font Info:    Redeclaring math symbol \Upsilon on input line 49.
LaTeX Font Info:    Redeclaring math symbol \Phi on input line 49.
LaTeX Font Info:    Redeclaring math symbol \Psi on input line 49.
LaTeX Font Info:    Redeclaring math symbol \Omega on input line 49.
LaTeX Font Info:    Redeclaring math symbol \mathdollar on input line 49.
LaTeX Font Info:    Redeclaring symbol font `operators' on input line 49.
LaTeX Font Info:    Encoding `OT1' has changed to `TU' for symbol font
(Font)              `operators' in the math version `normal' on input line 49.
LaTeX Font Info:    Overwriting symbol font `operators' in version `normal'
(Font)                  OT1/cmr/m/n --> TU/EBGaramond(0)/m/n on input line 49.
LaTeX Font Info:    Encoding `OT1' has changed to `TU' for symbol font
(Font)              `operators' in the math version `bold' on input line 49.
LaTeX Font Info:    Overwriting symbol font `operators' in version `bold'
(Font)                  OT1/cmr/bx/n --> TU/EBGaramond(0)/m/n on input line 49.
LaTeX Font Info:    Overwriting symbol font `operators' in version `normal'
(Font)                  TU/EBGaramond(0)/m/n --> TU/EBGaramond(0)/m/n on input l
ine 49.
LaTeX Font Info:    Overwriting math alphabet `\mathit' in version `normal'
(Font)                  OT1/cmr/m/it --> TU/EBGaramond(0)/m/it on input line 49.

LaTeX Font Info:    Overwriting math alphabet `\mathbf' in version `normal'
(Font)                  OT1/cmr/bx/n --> TU/EBGaramond(0)/b/n on input line 49.
LaTeX Font Info:    Overwriting math alphabet `\mathsf' in version `normal'
(Font)                  OT1/cmss/m/n --> TU/lmss/m/n on input line 49.
LaTeX Font Info:    Overwriting math alphabet `\mathtt' in version `normal'
(Font)                  OT1/cmtt/m/n --> TU/lmtt/m/n on input line 49.
LaTeX Font Info:    Overwriting symbol font `operators' in version `bold'
(Font)                  TU/EBGaramond(0)/m/n --> TU/EBGaramond(0)/b/n on input l
ine 49.
LaTeX Font Info:    Overwriting math alphabet `\mathit' in version `bold'
(Font)                  OT1/cmr/bx/it --> TU/EBGaramond(0)/b/it on input line 49
.
LaTeX Font Info:    Overwriting math alphabet `\mathsf' in version `bold'
(Font)                  OT1/cmss/bx/n --> TU/lmss/b/n on input line 49.
LaTeX Font Info:    Overwriting math alphabet `\mathtt' in version `bold'
(Font)                  OT1/cmtt/m/n --> TU/lmtt/b/n on input line 49.

(/usr/share/texlive/texmf-dist/tex/context/base/mkii/supp-pdf.mkii
[Loading MPS to PDF converter (version 2006.09.02).]
\scratchcounter=\count426
\scratchdimen=\dimen330
\scratchbox=\box80
\nofMPsegments=\count427
\nofMParguments=\count428
\everyMPshowfont=\toks53
\MPscratchCnt=\count429
\MPscratchDim=\dimen331
\MPnumerator=\count430
\makeMPintoPDFobject=\count431
\everyMPtoPDFconversion=\toks54
) (/usr/share/texlive/texmf-dist/tex/latex/epstopdf-pkg/epstopdf-base.sty
Package: epstopdf-base 2020-01-24 v2.11 Base part for package epstopdf
Package epstopdf-base Info: Redefining graphics rule for `.eps' on input line 48
5.

(/usr/share/texlive/texmf-dist/tex/latex/latexconfig/epstopdf-sys.cfg
File: epstopdf-sys.cfg 2010/07/13 v1.3 Configuration of (r)epstopdf for TeX Live

))
(/usr/share/texlive/texmf-dist/tex/latex/translator/translator-basic-dictionary
-English.dict
Dictionary: translator-basic-dictionary, Language: English 
)
(/usr/share/texlive/texmf-dist/tex/latex/siunitx/siunitx-abbreviations.cfg
File: siunitx-abbreviations.cfg 2017/11/26 v2.7k siunitx: Abbreviated units
)
Package lastpage Info: Please have a look at the pageslts package at
(lastpage)             https://www.ctan.org/pkg/pageslts
(lastpage)             ! on input line 49.
\AtBeginShipoutBox=\box81
Package hyperref Info: Link coloring ON on input line 49.

(/usr/share/texlive/texmf-dist/tex/latex/hyperref/nameref.sty
Package: nameref 2019/09/16 v2.46 Cross-referencing by name of section

(/usr/share/texlive/texmf-dist/tex/latex/refcount/refcount.sty
Package: refcount 2019/12/15 v3.6 Data extraction from label references (HO)
)
(/usr/share/texlive/texmf-dist/tex/generic/gettitlestring/gettitlestring.sty
Package: gettitlestring 2019/12/15 v1.6 Cleanup title references (HO)
)
\c@section@level=\count432
)
LaTeX Info: Redefining \ref on input line 49.
LaTeX Info: Redefining \pageref on input line 49.
LaTeX Info: Redefining \nameref on input line 49.
\@outlinefile=\write7

\openout7 = Prova-I-matd44-Gabarito.out
LaTeX Font Info:    Trying to load font information for U+msa on input line 49.

(/usr/share/texlive/texmf-dist/tex/latex/amsfonts/umsa.fd
File: umsa.fd 2013/01/14 v3.01 AMS symbols A
)
LaTeX Font Info:    Trying to load font information for U+msb on input line 49.

(/usr/share/texlive/texmf-dist/tex/latex/amsfonts/umsb.fd
File: umsb.fd 2013/01/14 v3.01 AMS symbols B
)
LaTeX Font Info:    Trying to load font information for U+stmry on input line 49
.

(/usr/share/texlive/texmf-dist/tex/latex/stmaryrd/Ustmry.fd)
LaTeX Font Info:    Trying to load font information for U+rsfs on input line 49.


(/usr/share/texlive/texmf-dist/tex/latex/jknapltx/ursfs.fd
File: ursfs.fd 1998/03/24 rsfs font definition file (jk)
)
LaTeX Font Info:    Trying to load font information for U+lasy on input line 49.


(/usr/share/texlive/texmf-dist/tex/latex/base/ulasy.fd
File: ulasy.fd 1998/08/17 v2.2e LaTeX symbol font definitions
)

LaTeX Font Warning: Font shape `U/stmry/b/n' undefined
(Font)              using `U/stmry/m/n' instead on input line 49.

Package lettrine.sty Info: Targeted height = 34.436pt
(lettrine.sty)             (no accent, loversize=0),
(lettrine.sty)             Lettrine height = 20.1455pt (1);
(lettrine.sty)             reported on input line 77.
LaTeX Font Info:    Trying to load font information for U+eus on input line 78.
(/usr/share/texlive/texmf-dist/tex/latex/amsfonts/ueus.fd
File: ueus.fd 2013/01/14 v3.01 Euler Script
)
Overfull \hbox (0.9679pt too wide) detected at line 167
[]\OT1/cmr/m/n/8 (\OML/cmm/m/it/8 s[]\OT1/cmr/m/n/8 ) = [] + [] = [] + [] = [] 
+ 12 = [] + [] = [] \OMS/cmsy/m/n/8  \OT1/cmr/m/n/8 17\OML/cmm/m/it/8 :\OT1/cm
r/m/n/8 33
 []


Overfull \vbox (13.99924pt too high) has occurred while \output is active []

Package epstopdf Info: Source file: <Figuras/ufbaBlack.eps>
(epstopdf)                    date: 2025-06-24 16:00:18
(epstopdf)                    size: 311909 bytes
(epstopdf)             Output file: <Figuras/ufbaBlack-eps-converted-to.pdf>
(epstopdf)             Command: <repstopdf --outfile=Figuras/ufbaBlack-eps-conve
rted-to.pdf Figuras/ufbaBlack.eps>
(epstopdf)             \includegraphics on input line 217.
system(repstopdf --outfile=Figuras/ufbaBlack-eps-converted-to.pdf Figuras/ufbaBl
ack.eps) executed.
Package epstopdf Info: Result file: <Figuras/ufbaBlack-eps-converted-to.pdf>
(epstopdf)                    date: 2025-06-24 15:23:37
(epstopdf)                    size: 193682 bytes.
<Figuras/ufbaBlack-eps-converted-to.pdf, id=4, 290.08376pt x 446.66875pt>
File: Figuras/ufbaBlack-eps-converted-to.pdf Graphic file (type pdf)
<use Figuras/ufbaBlack-eps-converted-to.pdf>
Package luatex.def Info: Figuras/ufbaBlack-eps-converted-to.pdf  used on input l
ine 217.
(luatex.def)             Requested size: 49.79231pt x 76.66876pt.
Package epstopdf Info: Source file: <Figuras/ufba.eps>
(epstopdf)                    date: 2025-06-24 16:00:18
(epstopdf)                    size: 1679764 bytes
(epstopdf)             Output file: <Figuras/ufba-eps-converted-to.pdf>
(epstopdf)             Command: <repstopdf --outfile=Figuras/ufba-eps-converted-
to.pdf Figuras/ufba.eps>
(epstopdf)             \includegraphics on input line 217.
system(repstopdf --outfile=Figuras/ufba-eps-converted-to.pdf Figuras/ufba.eps) e
xecuted.
Package epstopdf Info: Result file: <Figuras/ufba-eps-converted-to.pdf>
(epstopdf)                    date: 2025-06-24 15:23:38
(epstopdf)                    size: 335230 bytes.
<Figuras/ufba-eps-converted-to.pdf, id=5, 515.9275pt x 570.13pt>
File: Figuras/ufba-eps-converted-to.pdf Graphic file (type pdf)
<use Figuras/ufba-eps-converted-to.pdf>
Package luatex.def Info: Figuras/ufba-eps-converted-to.pdf  used on input line 2
17.
(luatex.def)             Requested size: 49.79231pt x 55.01546pt.


LaTeX Warning: Reference `LastPage' on page 1 undefined on input line 217.

[1
Non-PDF special ignored!
Non-PDF special ignored!
Non-PDF special ignored!
Non-PDF special ignored!
Non-PDF special ignored!
Non-PDF special ignored!
Non-PDF special ignored!
Non-PDF special ignored!
Non-PDF special ignored!
Non-PDF special ignored!
Non-PDF special ignored!
Non-PDF special ignored!
Non-PDF special ignored!{/var/lib/texmf/fonts/map/pdftex/updmap/pdftex.map}
Non-PDF special ignored!


Non-PDF special ignored!
Non-PDF special ignored!
Non-PDF special ignored!
Non-PDF special ignored!<./Figuras/ufbaBlack-eps-converted-to.pdf><./Figuras/ufb
a-eps-converted-to.pdf>]
Overfull \hbox (4.7893pt too wide) detected at line 267
\OT1/cmr/m/n/8 = [] \OMS/cmsy/m/n/8  \OT1/cmr/m/n/8 12 \OMS/cmsy/m/n/8  [] \O
T1/cmr/m/n/8 = [] \OMS/cmsy/m/n/8  [] \OT1/cmr/m/n/8 = [] \OMS/cmsy/m/n/8  []
 \OT1/cmr/m/n/8 = \OMS/cmsy/m/n/8  \OT1/cmr/m/n/8 24
 []

Package lettrine.sty Info: Targeted height = 34.436pt
(lettrine.sty)             (no accent, loversize=0),
(lettrine.sty)             Lettrine height = 20.49283pt (2);
(lettrine.sty)             reported on input line 283.

LaTeX Warning: Reference `ID:Renda' on page 2 undefined on input line 283.


Overfull \vbox (8.72812pt too high) has occurred while \output is active []

Package epstopdf Info: Source file: <Figuras/ufbaBlack.eps>
(epstopdf)                    date: 2025-06-24 16:00:18
(epstopdf)                    size: 311909 bytes
(epstopdf)             Output file: <Figuras/ufbaBlack-eps-converted-to.pdf>
(epstopdf)                    date: 2025-06-24 15:23:37
(epstopdf)                    size: 193682 bytes
(epstopdf)             Command: <repstopdf --outfile=Figuras/ufbaBlack-eps-conve
rted-to.pdf Figuras/ufbaBlack.eps>
(epstopdf)             \includegraphics on input line 385.
system(repstopdf --outfile=Figuras/ufbaBlack-eps-converted-to.pdf Figuras/ufbaBl
ack.eps) executed.
Package epstopdf Info: Result file: <Figuras/ufbaBlack-eps-converted-to.pdf>
(epstopdf)                    date: 2025-06-24 15:23:38
(epstopdf)                    size: 193682 bytes.
File: Figuras/ufbaBlack-eps-converted-to.pdf Graphic file (type pdf)
<use Figuras/ufbaBlack-eps-converted-to.pdf>
Package luatex.def Info: Figuras/ufbaBlack-eps-converted-to.pdf  used on input l
ine 385.
(luatex.def)             Requested size: 49.79231pt x 76.66876pt.
Package epstopdf Info: Source file: <Figuras/ufba.eps>
(epstopdf)                    date: 2025-06-24 16:00:18
(epstopdf)                    size: 1679764 bytes
(epstopdf)             Output file: <Figuras/ufba-eps-converted-to.pdf>
(epstopdf)                    date: 2025-06-24 15:23:38
(epstopdf)                    size: 335230 bytes
(epstopdf)             Command: <repstopdf --outfile=Figuras/ufba-eps-converted-
to.pdf Figuras/ufba.eps>
(epstopdf)             \includegraphics on input line 385.
system(repstopdf --outfile=Figuras/ufba-eps-converted-to.pdf Figuras/ufba.eps) e
xecuted.
Package epstopdf Info: Result file: <Figuras/ufba-eps-converted-to.pdf>
(epstopdf)                    date: 2025-06-24 15:23:39
(epstopdf)                    size: 335230 bytes.
File: Figuras/ufba-eps-converted-to.pdf Graphic file (type pdf)
<use Figuras/ufba-eps-converted-to.pdf>
Package luatex.def Info: Figuras/ufba-eps-converted-to.pdf  used on input line 3
85.
(luatex.def)             Requested size: 49.79231pt x 55.01546pt.


LaTeX Warning: Reference `LastPage' on page 2 undefined on input line 385.

[2
Non-PDF special ignored!
Non-PDF special ignored!]
Overfull \hbox (18.6826pt too wide) detected at line 411
[] \OT1/cmr/m/n/8 = [109\OML/cmm/m/it/8 ; \OT1/cmr/m/n/8 974\OML/cmm/m/it/8 :\O
T1/cmr/m/n/8 08\OML/cmm/m/it/8 ; \OT1/cmr/m/n/8 111\OML/cmm/m/it/8 ; \OT1/cmr/m
/n/8 102\OML/cmm/m/it/8 :\OT1/cmr/m/n/8 99]
 []

Package lettrine.sty Info: Targeted height = 34.436pt
(lettrine.sty)             (no accent, loversize=0),
(lettrine.sty)             Lettrine height = 20.49283pt (3);
(lettrine.sty)             reported on input line 416.

Overfull \vbox (3.20323pt too high) has occurred while \output is active []

Package epstopdf Info: Source file: <Figuras/ufbaBlack.eps>
(epstopdf)                    date: 2025-06-24 16:00:18
(epstopdf)                    size: 311909 bytes
(epstopdf)             Output file: <Figuras/ufbaBlack-eps-converted-to.pdf>
(epstopdf)                    date: 2025-06-24 15:23:38
(epstopdf)                    size: 193682 bytes
(epstopdf)             Command: <repstopdf --outfile=Figuras/ufbaBlack-eps-conve
rted-to.pdf Figuras/ufbaBlack.eps>
(epstopdf)             \includegraphics on input line 439.
system(repstopdf --outfile=Figuras/ufbaBlack-eps-converted-to.pdf Figuras/ufbaBl
ack.eps) executed.
Package epstopdf Info: Result file: <Figuras/ufbaBlack-eps-converted-to.pdf>
(epstopdf)                    date: 2025-06-24 15:23:39
(epstopdf)                    size: 193682 bytes.
File: Figuras/ufbaBlack-eps-converted-to.pdf Graphic file (type pdf)
<use Figuras/ufbaBlack-eps-converted-to.pdf>
Package luatex.def Info: Figuras/ufbaBlack-eps-converted-to.pdf  used on input l
ine 439.
(luatex.def)             Requested size: 49.79231pt x 76.66876pt.
Package epstopdf Info: Source file: <Figuras/ufba.eps>
(epstopdf)                    date: 2025-06-24 16:00:18
(epstopdf)                    size: 1679764 bytes
(epstopdf)             Output file: <Figuras/ufba-eps-converted-to.pdf>
(epstopdf)                    date: 2025-06-24 15:23:39
(epstopdf)                    size: 335230 bytes
(epstopdf)             Command: <repstopdf --outfile=Figuras/ufba-eps-converted-
to.pdf Figuras/ufba.eps>
(epstopdf)             \includegraphics on input line 439.
system(repstopdf --outfile=Figuras/ufba-eps-converted-to.pdf Figuras/ufba.eps) e
xecuted.
Package epstopdf Info: Result file: <Figuras/ufba-eps-converted-to.pdf>
(epstopdf)                    date: 2025-06-24 15:23:40
(epstopdf)                    size: 335230 bytes.
File: Figuras/ufba-eps-converted-to.pdf Graphic file (type pdf)
<use Figuras/ufba-eps-converted-to.pdf>
Package luatex.def Info: Figuras/ufba-eps-converted-to.pdf  used on input line 4
39.
(luatex.def)             Requested size: 49.79231pt x 55.01546pt.


LaTeX Warning: Reference `LastPage' on page 3 undefined on input line 439.

[3
Non-PDF special ignored!
Non-PDF special ignored!
warning  (pdf backend): ignoring duplicate destination with the name 'table.0.1'

]
Package lettrine.sty Info: Targeted height = 34.436pt
(lettrine.sty)             (no accent, loversize=0),
(lettrine.sty)             Lettrine height = 20.88979pt (4);
(lettrine.sty)             reported on input line 454.

Underfull \hbox (badness 4479) in paragraph at lines 454--455
[][] \TU/EBGaramond(0)/m/n/12 (\TU/EBGaramond(0)/b/n/12 Amos-tra-gem Ber-noulli
\TU/EBGaramond(0)/m/n/12 ) Seja $\OML/cmm/m/it/12 s$ \TU/EBGaramond(0)/m/n/12 u
ma
 []


Underfull \hbox (badness 1248) in paragraph at lines 463--464
[]\TU/EBGaramond(0)/m/n/8 Por ou-tro lado, na amos-tra-gem ale-a-tó-ria sim-pl
es sem subs-ti-tui-ção
 []

Package lettrine.sty Info: Targeted height = 34.436pt
(lettrine.sty)             (no accent, loversize=0),
(lettrine.sty)             Lettrine height = 20.59207pt (5);
(lettrine.sty)             reported on input line 476.
Package epstopdf Info: Source file: <Figuras/ufbaBlack.eps>
(epstopdf)                    date: 2025-06-24 16:00:18
(epstopdf)                    size: 311909 bytes
(epstopdf)             Output file: <Figuras/ufbaBlack-eps-converted-to.pdf>
(epstopdf)                    date: 2025-06-24 15:23:39
(epstopdf)                    size: 193682 bytes
(epstopdf)             Command: <repstopdf --outfile=Figuras/ufbaBlack-eps-conve
rted-to.pdf Figuras/ufbaBlack.eps>
(epstopdf)             \includegraphics on input line 520.
system(repstopdf --outfile=Figuras/ufbaBlack-eps-converted-to.pdf Figuras/ufbaBl
ack.eps) executed.
Package epstopdf Info: Result file: <Figuras/ufbaBlack-eps-converted-to.pdf>
(epstopdf)                    date: 2025-06-24 15:23:40
(epstopdf)                    size: 193682 bytes.
File: Figuras/ufbaBlack-eps-converted-to.pdf Graphic file (type pdf)
<use Figuras/ufbaBlack-eps-converted-to.pdf>
Package luatex.def Info: Figuras/ufbaBlack-eps-converted-to.pdf  used on input l
ine 520.
(luatex.def)             Requested size: 49.79231pt x 76.66876pt.
Package epstopdf Info: Source file: <Figuras/ufba.eps>
(epstopdf)                    date: 2025-06-24 16:00:18
(epstopdf)                    size: 1679764 bytes
(epstopdf)             Output file: <Figuras/ufba-eps-converted-to.pdf>
(epstopdf)                    date: 2025-06-24 15:23:40
(epstopdf)                    size: 335230 bytes
(epstopdf)             Command: <repstopdf --outfile=Figuras/ufba-eps-converted-
to.pdf Figuras/ufba.eps>
(epstopdf)             \includegraphics on input line 520.
system(repstopdf --outfile=Figuras/ufba-eps-converted-to.pdf Figuras/ufba.eps) e
xecuted.
Package epstopdf Info: Result file: <Figuras/ufba-eps-converted-to.pdf>
(epstopdf)                    date: 2025-06-24 15:23:41
(epstopdf)                    size: 335230 bytes.
File: Figuras/ufba-eps-converted-to.pdf Graphic file (type pdf)
<use Figuras/ufba-eps-converted-to.pdf>
Package luatex.def Info: Figuras/ufba-eps-converted-to.pdf  used on input line 5
20.
(luatex.def)             Requested size: 49.79231pt x 55.01546pt.

LaTeX Warning: Reference `LastPage' on page 4 undefined on input line 520.

[4
Non-PDF special ignored!
Non-PDF special ignored!]
Underfull \vbox (badness 1448) has occurred while \output is active []

Package epstopdf Info: Source file: <Figuras/ufbaBlack.eps>
(epstopdf)                    date: 2025-06-24 16:00:18
(epstopdf)                    size: 311909 bytes
(epstopdf)             Output file: <Figuras/ufbaBlack-eps-converted-to.pdf>
(epstopdf)                    date: 2025-06-24 15:23:40
(epstopdf)                    size: 193682 bytes
(epstopdf)             Command: <repstopdf --outfile=Figuras/ufbaBlack-eps-conve
rted-to.pdf Figuras/ufbaBlack.eps>
(epstopdf)             \includegraphics on input line 553.
system(repstopdf --outfile=Figuras/ufbaBlack-eps-converted-to.pdf Figuras/ufbaBl
ack.eps) executed.
Package epstopdf Info: Result file: <Figuras/ufbaBlack-eps-converted-to.pdf>
(epstopdf)                    date: 2025-06-24 15:23:41
(epstopdf)                    size: 193682 bytes.
File: Figuras/ufbaBlack-eps-converted-to.pdf Graphic file (type pdf)
<use Figuras/ufbaBlack-eps-converted-to.pdf>
Package luatex.def Info: Figuras/ufbaBlack-eps-converted-to.pdf  used on input l
ine 553.
(luatex.def)             Requested size: 49.79231pt x 76.66876pt.
Package epstopdf Info: Source file: <Figuras/ufba.eps>
(epstopdf)                    date: 2025-06-24 16:00:18
(epstopdf)                    size: 1679764 bytes
(epstopdf)             Output file: <Figuras/ufba-eps-converted-to.pdf>
(epstopdf)                    date: 2025-06-24 15:23:41
(epstopdf)                    size: 335230 bytes
(epstopdf)             Command: <repstopdf --outfile=Figuras/ufba-eps-converted-
to.pdf Figuras/ufba.eps>
(epstopdf)             \includegraphics on input line 553.
system(repstopdf --outfile=Figuras/ufba-eps-converted-to.pdf Figuras/ufba.eps) e
xecuted.
Package epstopdf Info: Result file: <Figuras/ufba-eps-converted-to.pdf>
(epstopdf)                    date: 2025-06-24 15:23:42
(epstopdf)                    size: 335230 bytes.
File: Figuras/ufba-eps-converted-to.pdf Graphic file (type pdf)
<use Figuras/ufba-eps-converted-to.pdf>
Package luatex.def Info: Figuras/ufba-eps-converted-to.pdf  used on input line 5
53.
(luatex.def)             Requested size: 49.79231pt x 55.01546pt.


LaTeX Warning: Reference `LastPage' on page 5 undefined on input line 553.

[5
Non-PDF special ignored!
Non-PDF special ignored!]

Package lastpage Warning: Rerun to get the references right on input line 555.


AED: lastpage setting LastPage
Package atveryend Info: Empty hook `BeforeClearDocument' on input line 555.
Package atveryend Info: Empty hook `AfterLastShipout' on input line 555.
(./Prova-I-matd44-Gabarito.aux)
Package atveryend Info: Executing hook `AtVeryEndDocument' on input line 555.
Package atveryend Info: Executing hook `AtEndAfterFileList' on input line 555.


Package rerunfilecheck Warning: File `Prova-I-matd44-Gabarito.out' has changed.
(rerunfilecheck)                Rerun to get outlines right
(rerunfilecheck)                or use package `bookmark'.

Package rerunfilecheck Info: Checksums for `Prova-I-matd44-Gabarito.out':
(rerunfilecheck)             Before: <no file>
(rerunfilecheck)             After:  D41D8CD98F00B204E9800998ECF8427E;0.

LaTeX Font Warning: Some font shapes were not available, defaults substituted.


LaTeX Warning: There were undefined references.


LaTeX Warning: Label(s) may have changed. Rerun to get cross-references right.

Package atveryend Info: Empty hook `AtVeryVeryEnd' on input line 555.
)
(\end occurred when \ifx on line 99 was incomplete)

Here is how much of LuaTeX's memory you used:
 30826 strings out of 481365
 156267,1373583 words of node,token memory allocated
 1421 words of node memory still in use:
   12 hlist, 3 vlist, 6 rule, 2 math, 8 glue, 4 kern, 19 glyph, 180 attribute, 7
2 glue_spec, 95 attribute_list, 3 write, 6 pdf_colorstack nodes
   avail lists: 1:1,2:2593,3:404,4:75,5:769,6:103,7:12194,8:67,9:2822,10:18,11:1
032
 46453 multiletter control sequences out of 65536+600000
 113 fonts using 16812835 bytes
 62i,17n,110p,748b,859s stack positions out of 5000i,500n,10000p,200000b,100000s
</usr/share/fonts/opentype/ebgaramond/EBGaramond08-Regular.otf></usr/share/fonts
/truetype/gentium-basic/GenBasB.ttf></usr/share/texlive/texmf-dist/fonts/opentyp
e/public/ebgaramond/EBGaramond12-Regular.otf></usr/share/texlive/texmf-dist/font
s/type1/public/amsfonts/cm/cmex10.pfb></usr/share/texlive/texmf-dist/fonts/type1
/public/amsfonts/cmextra/cmex8.pfb></usr/share/texlive/texmf-dist/fonts/type1/pu
blic/amsfonts/cm/cmmi12.pfb></usr/share/texlive/texmf-dist/fonts/type1/public/am
sfonts/cm/cmmi5.pfb></usr/share/texlive/texmf-dist/fonts/type1/public/amsfonts/c
m/cmmi6.pfb></usr/share/texlive/texmf-dist/fonts/type1/public/amsfonts/cm/cmmi8.
pfb></usr/share/texlive/texmf-dist/fonts/type1/public/amsfonts/cm/cmr12.pfb></us
r/share/texlive/texmf-dist/fonts/type1/public/amsfonts/cm/cmr5.pfb></usr/share/t
exlive/texmf-dist/fonts/type1/public/amsfonts/cm/cmr6.pfb></usr/share/texlive/te
xmf-dist/fonts/type1/public/amsfonts/cm/cmr8.pfb></usr/share/texlive/texmf-dist/
fonts/type1/public/amsfonts/cm/cmsy10.pfb></usr/share/texlive/texmf-dist/fonts/t
ype1/public/amsfonts/cm/cmsy6.pfb></usr/share/texlive/texmf-dist/fonts/type1/pub
lic/amsfonts/cm/cmsy8.pfb></usr/share/texlive/texmf-dist/fonts/type1/public/amsf
onts/euler/eusm10.pfb></usr/share/texlive/texmf-dist/fonts/type1/public/amsfonts
/euler/eusm7.pfb></usr/share/texlive/texmf-dist/fonts/type1/public/amsfonts/symb
ols/msam10.pfb>
Output written on Prova-I-matd44-Gabarito.pdf (5 pages, 730852 bytes).

PDF statistics: 125 PDF objects out of 1000 (max. 8388607)
 88 compressed objects within 1 object stream
 7 named destinations out of 1000 (max. 131072)
 1 words of extra memory for PDF output out of 10000 (max. 100000000)

